<?xml version="1.0" encoding="UTF-8"?>
<!-- Generated by org.testng.reporters.JUnitReportReporter -->
<testsuite hostname="LAPTOP-PCAC96OA" failures="0" tests="3" name="com.bank.qa.testCases.LoginPageTest" time="162.064" errors="0" timestamp="22 Jul 2018 10:07:57 GMT" skipped="0">
  <testcase classname="com.bank.qa.testCases.LoginPageTest" name="loginPageTitleTest" time="33.367"/>
  <testcase classname="com.bank.qa.testCases.LoginPageTest" name="logoTest" time="84.251"/>
  <testcase classname="com.bank.qa.testCases.LoginPageTest" name="loginTest" time="44.446"/>
</testsuite> <!-- com.bank.qa.testCases.LoginPageTest -->
